
6월 03, 2022 15:45:48.33 NEW SESSION
6월 03, 2022 15:45:48.33 [19360:18420:0603/154548.321:ERROR:device_event_log_impl.cc(214)] [15:45:48.321] USB: usb_device_handle_win.cc:1048 Failed to read descriptor from node connection: 시스템에 부착된 장치가 작동하지 않습니다. (0x1F)
6월 03, 2022 15:46:33.37 [13748:12328:0603/154633.374:ERROR:device_event_log_impl.cc(214)] [15:46:33.375] USB: usb_device_handle_win.cc:1048 Failed to read descriptor from node connection: 시스템에 부착된 장치가 작동하지 않습니다. (0x1F)

6월 03, 2022 15:49:01.79 NEW SESSION
6월 03, 2022 15:49:01.79 [13456:17552:0603/154901.795:ERROR:device_event_log_impl.cc(214)] [15:49:01.795] USB: usb_device_handle_win.cc:1048 Failed to read descriptor from node connection: 시스템에 부착된 장치가 작동하지 않습니다. (0x1F)
6월 03, 2022 15:49:59.69 [13456:21496:0603/154959.691:ERROR:util.cc(127)] Can't create base directory: C:\Program Files\Google\GoogleUpdater
6월 03, 2022 15:54:37.94 [13456:17552:0603/155437.944:ERROR:interface_endpoint_client.cc(665)] Message 1 rejected by interface blink.mojom.WidgetHost
6월 03, 2022 16:19:29.15 [13456:17552:0603/161929.153:ERROR:interface_endpoint_client.cc(665)] Message 1 rejected by interface blink.mojom.WidgetHost
6월 04, 2022 06:18:42.48 [13456:24872:0604/061842.478:ERROR:util.cc(127)] Can't create base directory: C:\Program Files\Google\GoogleUpdater
6월 04, 2022 06:18:42.59 [13456:17552:0604/061842.579:ERROR:device_event_log_impl.cc(214)] [06:18:42.575] USB: usb_service_win.cc:104 SetupDiGetDeviceProperty({{A45C254E-DF1C-4EFD-8020-67D146A850E0}, 6}) failed: 요소가 없습니다. (0x490)
6월 04, 2022 06:18:42.70 [13456:17552:0604/061842.708:ERROR:device_event_log_impl.cc(214)] [06:18:42.707] USB: usb_service_win.cc:307 SetupDiEnumDeviceInterfaces: 사용 가능한 데이터가 없습니다. (0x103)
6월 04, 2022 06:18:42.87 [13456:5576:0604/061842.878:ERROR:connection_factory_impl.cc(425)] Failed to connect to MCS endpoint with error -105
6월 04, 2022 06:18:42.87 [13456:28768:0604/061842.878:ERROR:get_updates_processor.cc(260)] PostClientToServerMessage() failed during GetUpdates with error 2
6월 04, 2022 13:28:27.06 [13456:24804:0604/132827.069:ERROR:get_updates_processor.cc(260)] PostClientToServerMessage() failed during GetUpdates with error 2
6월 04, 2022 13:28:27.08 [13456:5576:0604/132827.083:ERROR:connection_factory_impl.cc(425)] Failed to connect to MCS endpoint with error -105
6월 04, 2022 13:28:27.26 [13456:5576:0604/132827.262:ERROR:connection_factory_impl.cc(425)] Failed to connect to MCS endpoint with error -105
6월 04, 2022 13:28:27.26 [13456:28768:0604/132827.262:ERROR:get_updates_processor.cc(260)] PostClientToServerMessage() failed during GetUpdates with error 2
6월 04, 2022 13:28:29.28 [13456:17552:0604/132829.286:ERROR:device_event_log_impl.cc(214)] [13:28:29.198] USB: usb_service_win.cc:104 SetupDiGetDeviceProperty({{A45C254E-DF1C-4EFD-8020-67D146A850E0}, 6}) failed: 요소가 없습니다. (0x490)
6월 04, 2022 13:28:29.72 [13456:5576:0604/132829.720:ERROR:connection_factory_impl.cc(425)] Failed to connect to MCS endpoint with error -106
6월 04, 2022 13:29:02.64 [13456:17552:0604/132902.642:ERROR:account_info_fetcher.cc(62)] OnGetTokenFailure: Connection failed (-106).
6월 04, 2022 13:29:12.08 [13456:28776:0604/132912.084:ERROR:get_updates_processor.cc(260)] PostClientToServerMessage() failed during GetUpdates with error 2
6월 04, 2022 13:29:45.22 [13456:24872:0604/132945.228:ERROR:util.cc(127)] Can't create base directory: C:\Program Files\Google\GoogleUpdater
6월 04, 2022 13:48:01.90 [13456:17552:0604/134801.907:ERROR:interface_endpoint_client.cc(665)] Message 1 rejected by interface blink.mojom.WidgetHost
6월 05, 2022 01:05:51.71 [13456:17552:0605/010551.714:ERROR:device_event_log_impl.cc(214)] [01:05:51.695] USB: usb_service_win.cc:104 SetupDiGetDeviceProperty({{A45C254E-DF1C-4EFD-8020-67D146A850E0}, 6}) failed: 요소가 없습니다. (0x490)
6월 05, 2022 01:05:51.79 [13456:20252:0605/010551.790:ERROR:util.cc(127)] Can't create base directory: C:\Program Files\Google\GoogleUpdater
6월 05, 2022 01:05:52.04 [13456:5576:0605/010552.046:ERROR:connection_factory_impl.cc(425)] Failed to connect to MCS endpoint with error -105
6월 05, 2022 01:05:52.05 [13456:9972:0605/010552.050:ERROR:get_updates_processor.cc(260)] PostClientToServerMessage() failed during GetUpdates with error 2
6월 06, 2022 16:37:48.14 [13456:5576:0606/163748.144:ERROR:connection_factory_impl.cc(425)] Failed to connect to MCS endpoint with error -105
6월 06, 2022 16:37:48.15 [13456:27136:0606/163748.158:ERROR:get_updates_processor.cc(260)] PostClientToServerMessage() failed during GetUpdates with error 2
6월 06, 2022 16:37:50.88 [13456:5576:0606/163750.885:ERROR:connection_factory_impl.cc(425)] Failed to connect to MCS endpoint with error -106
6월 06, 2022 16:37:51.61 [13456:17552:0606/163751.612:ERROR:device_event_log_impl.cc(214)] [16:37:51.605] USB: usb_service_win.cc:104 SetupDiGetDeviceProperty({{A45C254E-DF1C-4EFD-8020-67D146A850E0}, 6}) failed: 요소가 없습니다. (0x490)
6월 06, 2022 16:38:29.37 [13456:24060:0606/163829.372:ERROR:util.cc(127)] Can't create base directory: C:\Program Files\Google\GoogleUpdater
6월 06, 2022 17:03:45.16 [13456:17552:0606/170345.163:ERROR:interface_endpoint_client.cc(665)] Message 0 rejected by interface blink.mojom.WidgetHost
6월 06, 2022 19:08:11.78 [13456:17552:0606/190811.777:ERROR:interface_endpoint_client.cc(665)] Message 1360145648 rejected by interface blink.mojom.FrameWidgetHost
6월 06, 2022 19:28:03.57 [13456:17552:0606/192803.574:ERROR:device_event_log_impl.cc(214)] [19:28:03.557] USB: usb_service_win.cc:104 SetupDiGetDeviceProperty({{A45C254E-DF1C-4EFD-8020-67D146A850E0}, 6}) failed: 요소가 없습니다. (0x490)
6월 06, 2022 19:28:03.65 [13456:17552:0606/192803.658:ERROR:device_event_log_impl.cc(214)] [19:28:03.638] USB: usb_service_win.cc:307 SetupDiEnumDeviceInterfaces: 사용 가능한 데이터가 없습니다. (0x103)
6월 06, 2022 19:28:03.76 [13456:17552:0606/192803.760:ERROR:device_event_log_impl.cc(214)] [19:28:03.731] USB: usb_service_win.cc:104 SetupDiGetDeviceProperty({{A45C254E-DF1C-4EFD-8020-67D146A850E0}, 6}) failed: 요소가 없습니다. (0x490)
6월 07, 2022 01:52:29.86 [13456:17552:0607/015229.866:ERROR:device_event_log_impl.cc(214)] [01:52:29.689] USB: usb_service_win.cc:104 SetupDiGetDeviceProperty({{A45C254E-DF1C-4EFD-8020-67D146A850E0}, 6}) failed: 요소가 없습니다. (0x490)
6월 07, 2022 01:52:29.86 [13456:17552:0607/015229.866:ERROR:device_event_log_impl.cc(214)] [01:52:29.789] USB: usb_service_win.cc:307 SetupDiEnumDeviceInterfaces: 사용 가능한 데이터가 없습니다. (0x103)
6월 07, 2022 01:52:30.52 [13456:7728:0607/015230.290:ERROR:util.cc(127)] Can't create base directory: C:\Program Files\Google\GoogleUpdater
6월 07, 2022 09:29:47.58 [13456:5576:0607/092947.587:ERROR:connection_factory_impl.cc(425)] Failed to connect to MCS endpoint with error -105
6월 07, 2022 09:29:48.23 [13456:11300:0607/092948.120:ERROR:util.cc(127)] Can't create base directory: C:\Program Files\Google\GoogleUpdater
6월 07, 2022 11:44:23.41 [13456:17552:0607/114423.415:ERROR:interface_endpoint_client.cc(665)] Message 0 rejected by interface blink.mojom.WidgetHost
6월 07, 2022 14:29:45.28 [13456:33716:0607/142945.277:ERROR:util.cc(127)] Can't create base directory: C:\Program Files\Google\GoogleUpdater
6월 07, 2022 15:16:13.16 [13456:17552:0607/151613.158:ERROR:CONSOLE(1)] "Request Overlay.highlightNode failed. {"code":-32600,"message":"The node's document is not active"}", source: devtools://devtools/bundled/devtools-frontend/front_end/core/protocol_client/protocol_client.js (1)
6월 07, 2022 15:16:14.37 [13456:17552:0607/151614.375:ERROR:CONSOLE(1)] "Request Overlay.highlightNode failed. {"code":-32600,"message":"The node's document is not active"}", source: devtools://devtools/bundled/devtools-frontend/front_end/core/protocol_client/protocol_client.js (1)
6월 07, 2022 15:16:50.17 [13456:17552:0607/151650.172:ERROR:CONSOLE(1)] "Request Overlay.highlightNode failed. {"code":-32600,"message":"The node's document is not active"}", source: devtools://devtools/bundled/devtools-frontend/front_end/core/protocol_client/protocol_client.js (1)
6월 07, 2022 15:16:56.88 [13456:17552:0607/151656.880:ERROR:CONSOLE(1)] "Request Overlay.highlightNode failed. {"code":-32600,"message":"The node's document is not active"}", source: devtools://devtools/bundled/devtools-frontend/front_end/core/protocol_client/protocol_client.js (1)
6월 07, 2022 15:16:59.29 [13456:17552:0607/151659.296:ERROR:CONSOLE(1)] "Request Overlay.highlightNode failed. {"code":-32600,"message":"The node's document is not active"}", source: devtools://devtools/bundled/devtools-frontend/front_end/core/protocol_client/protocol_client.js (1)
6월 07, 2022 15:16:59.31 [13456:17552:0607/151659.313:ERROR:CONSOLE(1)] "Request Overlay.highlightNode failed. {"code":-32600,"message":"The node's document is not active"}", source: devtools://devtools/bundled/devtools-frontend/front_end/core/protocol_client/protocol_client.js (1)
6월 07, 2022 15:16:59.32 [13456:17552:0607/151659.329:ERROR:CONSOLE(1)] "Request Overlay.highlightNode failed. {"code":-32600,"message":"The node's document is not active"}", source: devtools://devtools/bundled/devtools-frontend/front_end/core/protocol_client/protocol_client.js (1)
6월 07, 2022 15:16:59.36 [13456:17552:0607/151659.362:ERROR:CONSOLE(1)] "Request Overlay.highlightNode failed. {"code":-32600,"message":"The node's document is not active"}", source: devtools://devtools/bundled/devtools-frontend/front_end/core/protocol_client/protocol_client.js (1)
6월 07, 2022 15:16:59.51 [13456:17552:0607/151659.512:ERROR:CONSOLE(1)] "Request Overlay.highlightNode failed. {"code":-32600,"message":"The node's document is not active"}", source: devtools://devtools/bundled/devtools-frontend/front_end/core/protocol_client/protocol_client.js (1)
6월 07, 2022 15:16:59.54 [13456:17552:0607/151659.546:ERROR:CONSOLE(1)] "Request Overlay.highlightNode failed. {"code":-32600,"message":"The node's document is not active"}", source: devtools://devtools/bundled/devtools-frontend/front_end/core/protocol_client/protocol_client.js (1)
6월 07, 2022 15:16:59.61 [13456:17552:0607/151659.613:ERROR:CONSOLE(1)] "Request Overlay.highlightNode failed. {"code":-32600,"message":"The node's document is not active"}", source: devtools://devtools/bundled/devtools-frontend/front_end/core/protocol_client/protocol_client.js (1)
6월 07, 2022 15:16:59.63 [13456:17552:0607/151659.630:ERROR:CONSOLE(1)] "Request Overlay.highlightNode failed. {"code":-32600,"message":"The node's document is not active"}", source: devtools://devtools/bundled/devtools-frontend/front_end/core/protocol_client/protocol_client.js (1)
6월 07, 2022 15:16:59.64 [13456:17552:0607/151659.646:ERROR:CONSOLE(1)] "Request Overlay.highlightNode failed. {"code":-32600,"message":"The node's document is not active"}", source: devtools://devtools/bundled/devtools-frontend/front_end/core/protocol_client/protocol_client.js (1)
6월 07, 2022 15:16:59.66 [13456:17552:0607/151659.662:ERROR:CONSOLE(1)] "Request Overlay.highlightNode failed. {"code":-32600,"message":"The node's document is not active"}", source: devtools://devtools/bundled/devtools-frontend/front_end/core/protocol_client/protocol_client.js (1)
6월 07, 2022 15:16:59.67 [13456:17552:0607/151659.678:ERROR:CONSOLE(1)] "Request Overlay.highlightNode failed. {"code":-32600,"message":"The node's document is not active"}", source: devtools://devtools/bundled/devtools-frontend/front_end/core/protocol_client/protocol_client.js (1)
6월 07, 2022 15:16:59.69 [13456:17552:0607/151659.696:ERROR:CONSOLE(1)] "Request Overlay.highlightNode failed. {"code":-32600,"message":"The node's document is not active"}", source: devtools://devtools/bundled/devtools-frontend/front_end/core/protocol_client/protocol_client.js (1)
6월 07, 2022 15:16:59.74 [13456:17552:0607/151659.748:ERROR:CONSOLE(1)] "Request Overlay.highlightNode failed. {"code":-32600,"message":"The node's document is not active"}", source: devtools://devtools/bundled/devtools-frontend/front_end/core/protocol_client/protocol_client.js (1)
6월 07, 2022 15:16:59.76 [13456:17552:0607/151659.762:ERROR:CONSOLE(1)] "Request Overlay.highlightNode failed. {"code":-32600,"message":"The node's document is not active"}", source: devtools://devtools/bundled/devtools-frontend/front_end/core/protocol_client/protocol_client.js (1)
6월 07, 2022 15:16:59.77 [13456:17552:0607/151659.778:ERROR:CONSOLE(1)] "Request Overlay.highlightNode failed. {"code":-32600,"message":"The node's document is not active"}", source: devtools://devtools/bundled/devtools-frontend/front_end/core/protocol_client/protocol_client.js (1)
6월 07, 2022 15:16:59.88 [13456:17552:0607/151659.881:ERROR:CONSOLE(1)] "Request Overlay.highlightNode failed. {"code":-32600,"message":"The node's document is not active"}", source: devtools://devtools/bundled/devtools-frontend/front_end/core/protocol_client/protocol_client.js (1)
6월 07, 2022 15:16:59.89 [13456:17552:0607/151659.896:ERROR:CONSOLE(1)] "Request Overlay.highlightNode failed. {"code":-32600,"message":"The node's document is not active"}", source: devtools://devtools/bundled/devtools-frontend/front_end/core/protocol_client/protocol_client.js (1)
6월 07, 2022 15:16:59.93 [13456:17552:0607/151659.930:ERROR:CONSOLE(1)] "Request Overlay.highlightNode failed. {"code":-32600,"message":"The node's document is not active"}", source: devtools://devtools/bundled/devtools-frontend/front_end/core/protocol_client/protocol_client.js (1)
6월 07, 2022 15:16:59.96 [13456:17552:0607/151659.964:ERROR:CONSOLE(1)] "Request Overlay.highlightNode failed. {"code":-32600,"message":"The node's document is not active"}", source: devtools://devtools/bundled/devtools-frontend/front_end/core/protocol_client/protocol_client.js (1)
6월 07, 2022 15:16:59.99 [13456:17552:0607/151659.996:ERROR:CONSOLE(1)] "Request Overlay.highlightNode failed. {"code":-32600,"message":"The node's document is not active"}", source: devtools://devtools/bundled/devtools-frontend/front_end/core/protocol_client/protocol_client.js (1)
6월 07, 2022 15:17:00.01 [13456:17552:0607/151700.013:ERROR:CONSOLE(1)] "Request Overlay.highlightNode failed. {"code":-32600,"message":"The node's document is not active"}", source: devtools://devtools/bundled/devtools-frontend/front_end/core/protocol_client/protocol_client.js (1)
6월 07, 2022 15:17:00.03 [13456:17552:0607/151700.029:ERROR:CONSOLE(1)] "Request Overlay.highlightNode failed. {"code":-32600,"message":"The node's document is not active"}", source: devtools://devtools/bundled/devtools-frontend/front_end/core/protocol_client/protocol_client.js (1)
6월 07, 2022 15:17:00.04 [13456:17552:0607/151700.047:ERROR:CONSOLE(1)] "Request Overlay.highlightNode failed. {"code":-32600,"message":"The node's document is not active"}", source: devtools://devtools/bundled/devtools-frontend/front_end/core/protocol_client/protocol_client.js (1)
6월 07, 2022 15:17:00.11 [13456:17552:0607/151700.114:ERROR:CONSOLE(1)] "Request Overlay.highlightNode failed. {"code":-32600,"message":"The node's document is not active"}", source: devtools://devtools/bundled/devtools-frontend/front_end/core/protocol_client/protocol_client.js (1)
6월 07, 2022 15:17:00.14 [13456:17552:0607/151700.146:ERROR:CONSOLE(1)] "Request Overlay.highlightNode failed. {"code":-32600,"message":"The node's document is not active"}", source: devtools://devtools/bundled/devtools-frontend/front_end/core/protocol_client/protocol_client.js (1)
6월 07, 2022 15:17:00.17 [13456:17552:0607/151700.179:ERROR:CONSOLE(1)] "Request Overlay.highlightNode failed. {"code":-32600,"message":"The node's document is not active"}", source: devtools://devtools/bundled/devtools-frontend/front_end/core/protocol_client/protocol_client.js (1)
6월 07, 2022 15:17:00.24 [13456:17552:0607/151700.246:ERROR:CONSOLE(1)] "Request Overlay.highlightNode failed. {"code":-32600,"message":"The node's document is not active"}", source: devtools://devtools/bundled/devtools-frontend/front_end/core/protocol_client/protocol_client.js (1)
6월 07, 2022 15:17:00.26 [13456:17552:0607/151700.263:ERROR:CONSOLE(1)] "Request Overlay.highlightNode failed. {"code":-32600,"message":"The node's document is not active"}", source: devtools://devtools/bundled/devtools-frontend/front_end/core/protocol_client/protocol_client.js (1)
6월 07, 2022 15:17:00.27 [13456:17552:0607/151700.279:ERROR:CONSOLE(1)] "Request Overlay.highlightNode failed. {"code":-32600,"message":"The node's document is not active"}", source: devtools://devtools/bundled/devtools-frontend/front_end/core/protocol_client/protocol_client.js (1)
6월 07, 2022 15:17:00.36 [13456:17552:0607/151700.364:ERROR:CONSOLE(1)] "Request Overlay.highlightNode failed. {"code":-32600,"message":"The node's document is not active"}", source: devtools://devtools/bundled/devtools-frontend/front_end/core/protocol_client/protocol_client.js (1)
6월 07, 2022 15:17:00.39 [13456:17552:0607/151700.396:ERROR:CONSOLE(1)] "Request Overlay.highlightNode failed. {"code":-32600,"message":"The node's document is not active"}", source: devtools://devtools/bundled/devtools-frontend/front_end/core/protocol_client/protocol_client.js (1)
6월 07, 2022 15:17:00.42 [13456:17552:0607/151700.429:ERROR:CONSOLE(1)] "Request Overlay.highlightNode failed. {"code":-32600,"message":"The node's document is not active"}", source: devtools://devtools/bundled/devtools-frontend/front_end/core/protocol_client/protocol_client.js (1)
6월 07, 2022 15:17:00.48 [13456:17552:0607/151700.480:ERROR:CONSOLE(1)] "Request Overlay.highlightNode failed. {"code":-32600,"message":"The node's document is not active"}", source: devtools://devtools/bundled/devtools-frontend/front_end/core/protocol_client/protocol_client.js (1)
6월 07, 2022 15:17:00.51 [13456:17552:0607/151700.513:ERROR:CONSOLE(1)] "Request Overlay.highlightNode failed. {"code":-32600,"message":"The node's document is not active"}", source: devtools://devtools/bundled/devtools-frontend/front_end/core/protocol_client/protocol_client.js (1)
6월 07, 2022 15:17:00.53 [13456:17552:0607/151700.529:ERROR:CONSOLE(1)] "Request Overlay.highlightNode failed. {"code":-32600,"message":"The node's document is not active"}", source: devtools://devtools/bundled/devtools-frontend/front_end/core/protocol_client/protocol_client.js (1)
6월 07, 2022 15:17:00.54 [13456:17552:0607/151700.546:ERROR:CONSOLE(1)] "Request Overlay.highlightNode failed. {"code":-32600,"message":"The node's document is not active"}", source: devtools://devtools/bundled/devtools-frontend/front_end/core/protocol_client/protocol_client.js (1)
6월 07, 2022 15:17:00.61 [13456:17552:0607/151700.612:ERROR:CONSOLE(1)] "Request Overlay.highlightNode failed. {"code":-32600,"message":"The node's document is not active"}", source: devtools://devtools/bundled/devtools-frontend/front_end/core/protocol_client/protocol_client.js (1)
6월 07, 2022 15:17:00.64 [13456:17552:0607/151700.646:ERROR:CONSOLE(1)] "Request Overlay.highlightNode failed. {"code":-32600,"message":"The node's document is not active"}", source: devtools://devtools/bundled/devtools-frontend/front_end/core/protocol_client/protocol_client.js (1)
6월 07, 2022 15:17:00.66 [13456:17552:0607/151700.662:ERROR:CONSOLE(1)] "Request Overlay.highlightNode failed. {"code":-32600,"message":"The node's document is not active"}", source: devtools://devtools/bundled/devtools-frontend/front_end/core/protocol_client/protocol_client.js (1)
6월 07, 2022 15:17:00.67 [13456:17552:0607/151700.679:ERROR:CONSOLE(1)] "Request Overlay.highlightNode failed. {"code":-32600,"message":"The node's document is not active"}", source: devtools://devtools/bundled/devtools-frontend/front_end/core/protocol_client/protocol_client.js (1)
6월 07, 2022 15:17:00.78 [13456:17552:0607/151700.781:ERROR:CONSOLE(1)] "Request Overlay.highlightNode failed. {"code":-32600,"message":"The node's document is not active"}", source: devtools://devtools/bundled/devtools-frontend/front_end/core/protocol_client/protocol_client.js (1)
6월 07, 2022 15:17:00.79 [13456:17552:0607/151700.796:ERROR:CONSOLE(1)] "Request Overlay.highlightNode failed. {"code":-32600,"message":"The node's document is not active"}", source: devtools://devtools/bundled/devtools-frontend/front_end/core/protocol_client/protocol_client.js (1)
6월 07, 2022 15:17:00.81 [13456:17552:0607/151700.812:ERROR:CONSOLE(1)] "Request Overlay.highlightNode failed. {"code":-32600,"message":"The node's document is not active"}", source: devtools://devtools/bundled/devtools-frontend/front_end/core/protocol_client/protocol_client.js (1)
6월 07, 2022 15:17:00.89 [13456:17552:0607/151700.896:ERROR:CONSOLE(1)] "Request Overlay.highlightNode failed. {"code":-32600,"message":"The node's document is not active"}", source: devtools://devtools/bundled/devtools-frontend/front_end/core/protocol_client/protocol_client.js (1)
6월 07, 2022 15:17:00.92 [13456:17552:0607/151700.929:ERROR:CONSOLE(1)] "Request Overlay.highlightNode failed. {"code":-32600,"message":"The node's document is not active"}", source: devtools://devtools/bundled/devtools-frontend/front_end/core/protocol_client/protocol_client.js (1)
6월 07, 2022 15:17:00.94 [13456:17552:0607/151700.946:ERROR:CONSOLE(1)] "Request Overlay.highlightNode failed. {"code":-32600,"message":"The node's document is not active"}", source: devtools://devtools/bundled/devtools-frontend/front_end/core/protocol_client/protocol_client.js (1)
6월 07, 2022 15:17:00.99 [13456:17552:0607/151700.996:ERROR:CONSOLE(1)] "Request Overlay.highlightNode failed. {"code":-32600,"message":"The node's document is not active"}", source: devtools://devtools/bundled/devtools-frontend/front_end/core/protocol_client/protocol_client.js (1)
6월 07, 2022 15:17:01.03 [13456:17552:0607/151701.029:ERROR:CONSOLE(1)] "Request Overlay.highlightNode failed. {"code":-32600,"message":"The node's document is not active"}", source: devtools://devtools/bundled/devtools-frontend/front_end/core/protocol_client/protocol_client.js (1)
6월 07, 2022 15:17:01.04 [13456:17552:0607/151701.046:ERROR:CONSOLE(1)] "Request Overlay.highlightNode failed. {"code":-32600,"message":"The node's document is not active"}", source: devtools://devtools/bundled/devtools-frontend/front_end/core/protocol_client/protocol_client.js (1)
6월 07, 2022 15:17:01.07 [13456:17552:0607/151701.069:ERROR:CONSOLE(1)] "Request Overlay.highlightNode failed. {"code":-32600,"message":"The node's document is not active"}", source: devtools://devtools/bundled/devtools-frontend/front_end/core/protocol_client/protocol_client.js (1)
6월 07, 2022 15:17:01.16 [13456:17552:0607/151701.162:ERROR:CONSOLE(1)] "Request Overlay.highlightNode failed. {"code":-32600,"message":"The node's document is not active"}", source: devtools://devtools/bundled/devtools-frontend/front_end/core/protocol_client/protocol_client.js (1)
6월 07, 2022 15:17:01.17 [13456:17552:0607/151701.178:ERROR:CONSOLE(1)] "Request Overlay.highlightNode failed. {"code":-32600,"message":"The node's document is not active"}", source: devtools://devtools/bundled/devtools-frontend/front_end/core/protocol_client/protocol_client.js (1)
6월 07, 2022 15:17:01.19 [13456:17552:0607/151701.195:ERROR:CONSOLE(1)] "Request Overlay.highlightNode failed. {"code":-32600,"message":"The node's document is not active"}", source: devtools://devtools/bundled/devtools-frontend/front_end/core/protocol_client/protocol_client.js (1)
6월 07, 2022 15:17:01.31 [13456:17552:0607/151701.312:ERROR:CONSOLE(1)] "Request Overlay.highlightNode failed. {"code":-32600,"message":"The node's document is not active"}", source: devtools://devtools/bundled/devtools-frontend/front_end/core/protocol_client/protocol_client.js (1)
6월 07, 2022 15:17:01.35 [13456:17552:0607/151701.345:ERROR:CONSOLE(1)] "Request Overlay.highlightNode failed. {"code":-32600,"message":"The node's document is not active"}", source: devtools://devtools/bundled/devtools-frontend/front_end/core/protocol_client/protocol_client.js (1)
6월 07, 2022 15:17:01.41 [13456:17552:0607/151701.413:ERROR:CONSOLE(1)] "Request Overlay.highlightNode failed. {"code":-32600,"message":"The node's document is not active"}", source: devtools://devtools/bundled/devtools-frontend/front_end/core/protocol_client/protocol_client.js (1)
6월 07, 2022 15:17:01.44 [13456:17552:0607/151701.445:ERROR:CONSOLE(1)] "Request Overlay.highlightNode failed. {"code":-32600,"message":"The node's document is not active"}", source: devtools://devtools/bundled/devtools-frontend/front_end/core/protocol_client/protocol_client.js (1)
6월 07, 2022 15:17:01.48 [13456:17552:0607/151701.480:ERROR:CONSOLE(1)] "Request Overlay.highlightNode failed. {"code":-32600,"message":"The node's document is not active"}", source: devtools://devtools/bundled/devtools-frontend/front_end/core/protocol_client/protocol_client.js (1)
6월 07, 2022 15:17:01.76 [13456:17552:0607/151701.761:ERROR:CONSOLE(1)] "Request Overlay.highlightNode failed. {"code":-32600,"message":"The node's document is not active"}", source: devtools://devtools/bundled/devtools-frontend/front_end/core/protocol_client/protocol_client.js (1)
6월 07, 2022 15:17:01.81 [13456:17552:0607/151701.812:ERROR:CONSOLE(1)] "Request Overlay.highlightNode failed. {"code":-32600,"message":"The node's document is not active"}", source: devtools://devtools/bundled/devtools-frontend/front_end/core/protocol_client/protocol_client.js (1)
6월 07, 2022 15:17:01.91 [13456:17552:0607/151701.912:ERROR:CONSOLE(1)] "Request Overlay.highlightNode failed. {"code":-32600,"message":"The node's document is not active"}", source: devtools://devtools/bundled/devtools-frontend/front_end/core/protocol_client/protocol_client.js (1)
6월 07, 2022 15:17:01.94 [13456:17552:0607/151701.946:ERROR:CONSOLE(1)] "Request Overlay.highlightNode failed. {"code":-32600,"message":"The node's document is not active"}", source: devtools://devtools/bundled/devtools-frontend/front_end/core/protocol_client/protocol_client.js (1)
6월 07, 2022 15:17:01.98 [13456:17552:0607/151701.980:ERROR:CONSOLE(1)] "Request Overlay.highlightNode failed. {"code":-32600,"message":"The node's document is not active"}", source: devtools://devtools/bundled/devtools-frontend/front_end/core/protocol_client/protocol_client.js (1)
6월 07, 2022 15:17:02.04 [13456:17552:0607/151702.046:ERROR:CONSOLE(1)] "Request Overlay.highlightNode failed. {"code":-32600,"message":"The node's document is not active"}", source: devtools://devtools/bundled/devtools-frontend/front_end/core/protocol_client/protocol_client.js (1)
6월 07, 2022 15:17:02.08 [13456:17552:0607/151702.079:ERROR:CONSOLE(1)] "Request Overlay.highlightNode failed. {"code":-32600,"message":"The node's document is not active"}", source: devtools://devtools/bundled/devtools-frontend/front_end/core/protocol_client/protocol_client.js (1)
6월 07, 2022 15:17:02.09 [13456:17552:0607/151702.096:ERROR:CONSOLE(1)] "Request Overlay.highlightNode failed. {"code":-32600,"message":"The node's document is not active"}", source: devtools://devtools/bundled/devtools-frontend/front_end/core/protocol_client/protocol_client.js (1)
6월 07, 2022 15:17:02.11 [13456:17552:0607/151702.112:ERROR:CONSOLE(1)] "Request Overlay.highlightNode failed. {"code":-32600,"message":"The node's document is not active"}", source: devtools://devtools/bundled/devtools-frontend/front_end/core/protocol_client/protocol_client.js (1)
6월 07, 2022 15:17:02.14 [13456:17552:0607/151702.145:ERROR:CONSOLE(1)] "Request Overlay.highlightNode failed. {"code":-32600,"message":"The node's document is not active"}", source: devtools://devtools/bundled/devtools-frontend/front_end/core/protocol_client/protocol_client.js (1)
6월 07, 2022 15:17:02.19 [13456:17552:0607/151702.196:ERROR:CONSOLE(1)] "Request Overlay.highlightNode failed. {"code":-32600,"message":"The node's document is not active"}", source: devtools://devtools/bundled/devtools-frontend/front_end/core/protocol_client/protocol_client.js (1)
6월 07, 2022 15:17:02.21 [13456:17552:0607/151702.212:ERROR:CONSOLE(1)] "Request Overlay.highlightNode failed. {"code":-32600,"message":"The node's document is not active"}", source: devtools://devtools/bundled/devtools-frontend/front_end/core/protocol_client/protocol_client.js (1)
6월 07, 2022 15:17:02.26 [13456:17552:0607/151702.262:ERROR:CONSOLE(1)] "Request Overlay.highlightNode failed. {"code":-32600,"message":"The node's document is not active"}", source: devtools://devtools/bundled/devtools-frontend/front_end/core/protocol_client/protocol_client.js (1)
6월 07, 2022 15:17:02.29 [13456:17552:0607/151702.296:ERROR:CONSOLE(1)] "Request Overlay.highlightNode failed. {"code":-32600,"message":"The node's document is not active"}", source: devtools://devtools/bundled/devtools-frontend/front_end/core/protocol_client/protocol_client.js (1)
6월 07, 2022 15:17:02.39 [13456:17552:0607/151702.395:ERROR:CONSOLE(1)] "Request Overlay.highlightNode failed. {"code":-32600,"message":"The node's document is not active"}", source: devtools://devtools/bundled/devtools-frontend/front_end/core/protocol_client/protocol_client.js (1)
6월 07, 2022 15:17:02.42 [13456:17552:0607/151702.429:ERROR:CONSOLE(1)] "Request Overlay.highlightNode failed. {"code":-32600,"message":"The node's document is not active"}", source: devtools://devtools/bundled/devtools-frontend/front_end/core/protocol_client/protocol_client.js (1)
6월 07, 2022 15:17:02.44 [13456:17552:0607/151702.446:ERROR:CONSOLE(1)] "Request Overlay.highlightNode failed. {"code":-32600,"message":"The node's document is not active"}", source: devtools://devtools/bundled/devtools-frontend/front_end/core/protocol_client/protocol_client.js (1)
6월 07, 2022 15:17:02.48 [13456:17552:0607/151702.480:ERROR:CONSOLE(1)] "Request Overlay.highlightNode failed. {"code":-32600,"message":"The node's document is not active"}", source: devtools://devtools/bundled/devtools-frontend/front_end/core/protocol_client/protocol_client.js (1)
6월 07, 2022 15:17:02.54 [13456:17552:0607/151702.546:ERROR:CONSOLE(1)] "Request Overlay.highlightNode failed. {"code":-32600,"message":"The node's document is not active"}", source: devtools://devtools/bundled/devtools-frontend/front_end/core/protocol_client/protocol_client.js (1)
6월 07, 2022 15:17:02.58 [13456:17552:0607/151702.579:ERROR:CONSOLE(1)] "Request Overlay.highlightNode failed. {"code":-32600,"message":"The node's document is not active"}", source: devtools://devtools/bundled/devtools-frontend/front_end/core/protocol_client/protocol_client.js (1)
6월 07, 2022 15:17:02.61 [13456:17552:0607/151702.612:ERROR:CONSOLE(1)] "Request Overlay.highlightNode failed. {"code":-32600,"message":"The node's document is not active"}", source: devtools://devtools/bundled/devtools-frontend/front_end/core/protocol_client/protocol_client.js (1)
6월 07, 2022 15:17:02.64 [13456:17552:0607/151702.646:ERROR:CONSOLE(1)] "Request Overlay.highlightNode failed. {"code":-32600,"message":"The node's document is not active"}", source: devtools://devtools/bundled/devtools-frontend/front_end/core/protocol_client/protocol_client.js (1)
6월 07, 2022 15:17:02.74 [13456:17552:0607/151702.746:ERROR:CONSOLE(1)] "Request Overlay.highlightNode failed. {"code":-32600,"message":"The node's document is not active"}", source: devtools://devtools/bundled/devtools-frontend/front_end/core/protocol_client/protocol_client.js (1)
6월 07, 2022 15:17:02.78 [13456:17552:0607/151702.781:ERROR:CONSOLE(1)] "Request Overlay.highlightNode failed. {"code":-32600,"message":"The node's document is not active"}", source: devtools://devtools/bundled/devtools-frontend/front_end/core/protocol_client/protocol_client.js (1)
6월 07, 2022 15:17:02.84 [13456:17552:0607/151702.847:ERROR:CONSOLE(1)] "Request Overlay.highlightNode failed. {"code":-32600,"message":"The node's document is not active"}", source: devtools://devtools/bundled/devtools-frontend/front_end/core/protocol_client/protocol_client.js (1)
6월 07, 2022 15:17:03.23 [13456:17552:0607/151703.230:ERROR:CONSOLE(1)] "Request Overlay.highlightNode failed. {"code":-32600,"message":"The node's document is not active"}", source: devtools://devtools/bundled/devtools-frontend/front_end/core/protocol_client/protocol_client.js (1)
6월 07, 2022 15:17:03.24 [13456:17552:0607/151703.248:ERROR:CONSOLE(1)] "Request Overlay.highlightNode failed. {"code":-32600,"message":"The node's document is not active"}", source: devtools://devtools/bundled/devtools-frontend/front_end/core/protocol_client/protocol_client.js (1)
6월 07, 2022 15:17:03.29 [13456:17552:0607/151703.296:ERROR:CONSOLE(1)] "Request Overlay.highlightNode failed. {"code":-32600,"message":"The node's document is not active"}", source: devtools://devtools/bundled/devtools-frontend/front_end/core/protocol_client/protocol_client.js (1)
6월 07, 2022 15:17:03.32 [13456:17552:0607/151703.329:ERROR:CONSOLE(1)] "Request Overlay.highlightNode failed. {"code":-32600,"message":"The node's document is not active"}", source: devtools://devtools/bundled/devtools-frontend/front_end/core/protocol_client/protocol_client.js (1)
6월 07, 2022 15:17:03.53 [13456:17552:0607/151703.529:ERROR:CONSOLE(1)] "Request Overlay.highlightNode failed. {"code":-32600,"message":"The node's document is not active"}", source: devtools://devtools/bundled/devtools-frontend/front_end/core/protocol_client/protocol_client.js (1)
6월 07, 2022 15:17:03.68 [13456:17552:0607/151703.679:ERROR:CONSOLE(1)] "Request Overlay.highlightNode failed. {"code":-32600,"message":"The node's document is not active"}", source: devtools://devtools/bundled/devtools-frontend/front_end/core/protocol_client/protocol_client.js (1)
6월 07, 2022 15:17:03.76 [13456:17552:0607/151703.763:ERROR:CONSOLE(1)] "Request Overlay.highlightNode failed. {"code":-32600,"message":"The node's document is not active"}", source: devtools://devtools/bundled/devtools-frontend/front_end/core/protocol_client/protocol_client.js (1)
6월 07, 2022 15:17:03.79 [13456:17552:0607/151703.796:ERROR:CONSOLE(1)] "Request Overlay.highlightNode failed. {"code":-32600,"message":"The node's document is not active"}", source: devtools://devtools/bundled/devtools-frontend/front_end/core/protocol_client/protocol_client.js (1)
6월 07, 2022 15:17:04.78 [13456:17552:0607/151704.780:ERROR:CONSOLE(1)] "Request Overlay.highlightNode failed. {"code":-32600,"message":"The node's document is not active"}", source: devtools://devtools/bundled/devtools-frontend/front_end/core/protocol_client/protocol_client.js (1)
6월 07, 2022 15:17:04.81 [13456:17552:0607/151704.813:ERROR:CONSOLE(1)] "Request Overlay.highlightNode failed. {"code":-32600,"message":"The node's document is not active"}", source: devtools://devtools/bundled/devtools-frontend/front_end/core/protocol_client/protocol_client.js (1)
6월 07, 2022 15:17:04.93 [13456:17552:0607/151704.930:ERROR:CONSOLE(1)] "Request Overlay.highlightNode failed. {"code":-32600,"message":"The node's document is not active"}", source: devtools://devtools/bundled/devtools-frontend/front_end/core/protocol_client/protocol_client.js (1)
6월 07, 2022 15:17:04.96 [13456:17552:0607/151704.962:ERROR:CONSOLE(1)] "Request Overlay.highlightNode failed. {"code":-32600,"message":"The node's document is not active"}", source: devtools://devtools/bundled/devtools-frontend/front_end/core/protocol_client/protocol_client.js (1)
6월 07, 2022 15:17:05.01 [13456:17552:0607/151705.013:ERROR:CONSOLE(1)] "Request Overlay.highlightNode failed. {"code":-32600,"message":"The node's document is not active"}", source: devtools://devtools/bundled/devtools-frontend/front_end/core/protocol_client/protocol_client.js (1)
6월 07, 2022 15:17:05.43 [13456:17552:0607/151705.431:ERROR:CONSOLE(1)] "Request Overlay.highlightNode failed. {"code":-32600,"message":"The node's document is not active"}", source: devtools://devtools/bundled/devtools-frontend/front_end/core/protocol_client/protocol_client.js (1)
6월 07, 2022 15:17:05.46 [13456:17552:0607/151705.464:ERROR:CONSOLE(1)] "Request Overlay.highlightNode failed. {"code":-32600,"message":"The node's document is not active"}", source: devtools://devtools/bundled/devtools-frontend/front_end/core/protocol_client/protocol_client.js (1)
6월 07, 2022 15:17:05.54 [13456:17552:0607/151705.545:ERROR:CONSOLE(1)] "Request Overlay.highlightNode failed. {"code":-32600,"message":"The node's document is not active"}", source: devtools://devtools/bundled/devtools-frontend/front_end/core/protocol_client/protocol_client.js (1)
6월 07, 2022 15:17:05.59 [13456:17552:0607/151705.596:ERROR:CONSOLE(1)] "Request Overlay.highlightNode failed. {"code":-32600,"message":"The node's document is not active"}", source: devtools://devtools/bundled/devtools-frontend/front_end/core/protocol_client/protocol_client.js (1)
6월 07, 2022 15:17:05.64 [13456:17552:0607/151705.647:ERROR:CONSOLE(1)] "Request Overlay.highlightNode failed. {"code":-32600,"message":"The node's document is not active"}", source: devtools://devtools/bundled/devtools-frontend/front_end/core/protocol_client/protocol_client.js (1)
6월 07, 2022 15:17:05.71 [13456:17552:0607/151705.713:ERROR:CONSOLE(1)] "Request Overlay.highlightNode failed. {"code":-32600,"message":"The node's document is not active"}", source: devtools://devtools/bundled/devtools-frontend/front_end/core/protocol_client/protocol_client.js (1)
6월 07, 2022 15:17:05.76 [13456:17552:0607/151705.762:ERROR:CONSOLE(1)] "Request Overlay.highlightNode failed. {"code":-32600,"message":"The node's document is not active"}", source: devtools://devtools/bundled/devtools-frontend/front_end/core/protocol_client/protocol_client.js (1)
6월 07, 2022 15:17:05.79 [13456:17552:0607/151705.796:ERROR:CONSOLE(1)] "Request Overlay.highlightNode failed. {"code":-32600,"message":"The node's document is not active"}", source: devtools://devtools/bundled/devtools-frontend/front_end/core/protocol_client/protocol_client.js (1)
6월 07, 2022 15:17:05.86 [13456:17552:0607/151705.865:ERROR:CONSOLE(1)] "Request Overlay.highlightNode failed. {"code":-32600,"message":"The node's document is not active"}", source: devtools://devtools/bundled/devtools-frontend/front_end/core/protocol_client/protocol_client.js (1)
6월 07, 2022 15:17:05.91 [13456:17552:0607/151705.913:ERROR:CONSOLE(1)] "Request Overlay.highlightNode failed. {"code":-32600,"message":"The node's document is not active"}", source: devtools://devtools/bundled/devtools-frontend/front_end/core/protocol_client/protocol_client.js (1)
6월 07, 2022 15:17:06.24 [13456:17552:0607/151706.247:ERROR:CONSOLE(1)] "Request Overlay.highlightNode failed. {"code":-32600,"message":"The node's document is not active"}", source: devtools://devtools/bundled/devtools-frontend/front_end/core/protocol_client/protocol_client.js (1)
6월 07, 2022 15:17:06.36 [13456:17552:0607/151706.363:ERROR:CONSOLE(1)] "Request Overlay.highlightNode failed. {"code":-32600,"message":"The node's document is not active"}", source: devtools://devtools/bundled/devtools-frontend/front_end/core/protocol_client/protocol_client.js (1)
6월 07, 2022 15:17:06.51 [13456:17552:0607/151706.513:ERROR:CONSOLE(1)] "Request Overlay.highlightNode failed. {"code":-32600,"message":"The node's document is not active"}", source: devtools://devtools/bundled/devtools-frontend/front_end/core/protocol_client/protocol_client.js (1)
6월 07, 2022 15:17:06.66 [13456:17552:0607/151706.663:ERROR:CONSOLE(1)] "Request Overlay.highlightNode failed. {"code":-32600,"message":"The node's document is not active"}", source: devtools://devtools/bundled/devtools-frontend/front_end/core/protocol_client/protocol_client.js (1)
6월 07, 2022 15:17:07.26 [13456:17552:0607/151707.263:ERROR:CONSOLE(1)] "Request Overlay.highlightNode failed. {"code":-32600,"message":"The node's document is not active"}", source: devtools://devtools/bundled/devtools-frontend/front_end/core/protocol_client/protocol_client.js (1)
6월 07, 2022 15:17:07.38 [13456:17552:0607/151707.379:ERROR:CONSOLE(1)] "Request Overlay.highlightNode failed. {"code":-32600,"message":"The node's document is not active"}", source: devtools://devtools/bundled/devtools-frontend/front_end/core/protocol_client/protocol_client.js (1)
6월 07, 2022 15:17:07.86 [13456:17552:0607/151707.865:ERROR:CONSOLE(1)] "Request Overlay.highlightNode failed. {"code":-32600,"message":"The node's document is not active"}", source: devtools://devtools/bundled/devtools-frontend/front_end/core/protocol_client/protocol_client.js (1)
6월 07, 2022 15:17:10.64 [13456:17552:0607/151710.646:ERROR:CONSOLE(1)] "Request Overlay.highlightNode failed. {"code":-32600,"message":"The node's document is not active"}", source: devtools://devtools/bundled/devtools-frontend/front_end/core/protocol_client/protocol_client.js (1)
6월 07, 2022 15:17:10.74 [13456:17552:0607/151710.747:ERROR:CONSOLE(1)] "Request Overlay.highlightNode failed. {"code":-32600,"message":"The node's document is not active"}", source: devtools://devtools/bundled/devtools-frontend/front_end/core/protocol_client/protocol_client.js (1)
6월 07, 2022 15:17:12.18 [13456:17552:0607/151712.181:ERROR:CONSOLE(1)] "Request Overlay.highlightNode failed. {"code":-32600,"message":"The node's document is not active"}", source: devtools://devtools/bundled/devtools-frontend/front_end/core/protocol_client/protocol_client.js (1)
6월 07, 2022 15:17:12.24 [13456:17552:0607/151712.248:ERROR:CONSOLE(1)] "Request Overlay.highlightNode failed. {"code":-32600,"message":"The node's document is not active"}", source: devtools://devtools/bundled/devtools-frontend/front_end/core/protocol_client/protocol_client.js (1)
6월 07, 2022 15:17:12.26 [13456:17552:0607/151712.263:ERROR:CONSOLE(1)] "Request Overlay.highlightNode failed. {"code":-32600,"message":"The node's document is not active"}", source: devtools://devtools/bundled/devtools-frontend/front_end/core/protocol_client/protocol_client.js (1)
6월 07, 2022 15:17:12.28 [13456:17552:0607/151712.281:ERROR:CONSOLE(1)] "Request Overlay.highlightNode failed. {"code":-32600,"message":"The node's document is not active"}", source: devtools://devtools/bundled/devtools-frontend/front_end/core/protocol_client/protocol_client.js (1)
6월 07, 2022 15:17:39.28 [13456:17552:0607/151739.289:ERROR:CONSOLE(1)] "Request Overlay.highlightNode failed. {"code":-32600,"message":"The node's document is not active"}", source: devtools://devtools/bundled/devtools-frontend/front_end/core/protocol_client/protocol_client.js (1)
6월 07, 2022 15:17:39.30 [13456:17552:0607/151739.300:ERROR:CONSOLE(1)] "Request Overlay.highlightNode failed. {"code":-32600,"message":"The node's document is not active"}", source: devtools://devtools/bundled/devtools-frontend/front_end/core/protocol_client/protocol_client.js (1)
6월 07, 2022 15:17:39.31 [13456:17552:0607/151739.317:ERROR:CONSOLE(1)] "Request Overlay.highlightNode failed. {"code":-32600,"message":"The node's document is not active"}", source: devtools://devtools/bundled/devtools-frontend/front_end/core/protocol_client/protocol_client.js (1)
6월 07, 2022 15:17:39.33 [13456:17552:0607/151739.332:ERROR:CONSOLE(1)] "Request Overlay.highlightNode failed. {"code":-32600,"message":"The node's document is not active"}", source: devtools://devtools/bundled/devtools-frontend/front_end/core/protocol_client/protocol_client.js (1)
6월 07, 2022 19:29:45.32 [13456:8608:0607/192945.310:ERROR:util.cc(127)] Can't create base directory: C:\Program Files\Google\GoogleUpdater
6월 08, 2022 24:29:42.39 [13456:26940:0608/002942.378:ERROR:util.cc(127)] Can't create base directory: C:\Program Files\Google\GoogleUpdater

6월 24, 2022 11:08:12.87 NEW SESSION
6월 24, 2022 11:08:12.87 [15120:13652:0624/110812.873:ERROR:device_event_log_impl.cc(214)] [11:08:12.873] USB: usb_device_handle_win.cc:1048 Failed to read descriptor from node connection: 시스템에 부착된 장치가 작동하지 않습니다. (0x1F)
6월 24, 2022 11:09:09.22 [15120:4496:0624/110909.224:ERROR:util.cc(127)] Can't create base directory: C:\Program Files\Google\GoogleUpdater
6월 24, 2022 14:26:09.55 [15120:13652:0624/142609.536:ERROR:device_event_log_impl.cc(214)] [14:26:09.320] USB: usb_service_win.cc:104 SetupDiGetDeviceProperty({{A45C254E-DF1C-4EFD-8020-67D146A850E0}, 6}) failed: 요소가 없습니다. (0x490)
6월 24, 2022 14:26:09.55 [15120:13652:0624/142609.552:ERROR:device_event_log_impl.cc(214)] [14:26:09.531] USB: usb_service_win.cc:307 SetupDiEnumDeviceInterfaces: 사용 가능한 데이터가 없습니다. (0x103)
6월 24, 2022 14:53:48.14 [15120:14376:0624/145348.138:ERROR:connection_factory_impl.cc(425)] Failed to connect to MCS endpoint with error -105
6월 24, 2022 15:24:44.38 [15120:13652:0624/152444.385:ERROR:device_event_log_impl.cc(214)] [15:24:44.339] USB: usb_service_win.cc:104 SetupDiGetDeviceProperty({{A45C254E-DF1C-4EFD-8020-67D146A850E0}, 6}) failed: 요소가 없습니다. (0x490)
6월 24, 2022 15:24:44.42 [15120:13652:0624/152444.427:ERROR:device_event_log_impl.cc(214)] [15:24:44.423] USB: usb_service_win.cc:307 SetupDiEnumDeviceInterfaces: 사용 가능한 데이터가 없습니다. (0x103)
6월 24, 2022 15:41:18.90 [15120:13652:0624/154118.900:ERROR:interface_endpoint_client.cc(665)] Message 0 rejected by interface blink.mojom.WidgetHost
6월 24, 2022 15:47:19.69 [15120:13652:0624/154719.694:ERROR:interface_endpoint_client.cc(665)] Message 1811968995 rejected by interface blink.mojom.FrameWidgetHost
6월 24, 2022 16:09:09.24 [15120:25784:0624/160909.238:ERROR:util.cc(127)] Can't create base directory: C:\Program Files\Google\GoogleUpdater

6월 29, 2022 15:38:41.65 NEW SESSION
6월 29, 2022 15:38:41.65 [4356:24008:0629/153841.635:ERROR:device_event_log_impl.cc(214)] [15:38:41.635] USB: usb_device_handle_win.cc:1048 Failed to read descriptor from node connection: 시스템에 부착된 장치가 작동하지 않습니다. (0x1F)
6월 29, 2022 15:39:38.66 [4356:25096:0629/153938.663:ERROR:util.cc(127)] Can't create base directory: C:\Program Files\Google\GoogleUpdater
6월 29, 2022 22:12:27.76 [4356:24540:0629/221227.756:ERROR:util.cc(127)] Can't create base directory: C:\Program Files\Google\GoogleUpdater
6월 29, 2022 22:12:34.51 [4356:3120:0629/221234.518:ERROR:connection_factory_impl.cc(425)] Failed to connect to MCS endpoint with error -109
6월 30, 2022 09:32:42.19 [4356:3120:0630/093242.190:ERROR:connection_factory_impl.cc(425)] Failed to connect to MCS endpoint with error -105
6월 30, 2022 09:32:42.20 [4356:28700:0630/093242.201:ERROR:get_updates_processor.cc(260)] PostClientToServerMessage() failed during GetUpdates with error 2
6월 30, 2022 09:32:48.82 [4356:3120:0630/093248.822:ERROR:connection_factory_impl.cc(425)] Failed to connect to MCS endpoint with error -105
6월 30, 2022 09:32:49.63 [4356:24008:0630/093249.636:ERROR:device_event_log_impl.cc(214)] [09:32:49.610] USB: usb_service_win.cc:104 SetupDiGetDeviceProperty({{A45C254E-DF1C-4EFD-8020-67D146A850E0}, 6}) failed: 요소가 없습니다. (0x490)
6월 30, 2022 09:48:45.45 [4356:4804:0630/094845.430:ERROR:util.cc(127)] Can't create base directory: C:\Program Files\Google\GoogleUpdater
6월 30, 2022 14:31:52.01 [4356:24008:0630/143152.006:ERROR:interface_endpoint_client.cc(665)] Message 0 rejected by interface blink.mojom.WidgetHost
6월 30, 2022 14:32:07.86 [4356:24008:0630/143207.866:ERROR:interface_endpoint_client.cc(665)] Message 0 rejected by interface blink.mojom.WidgetHost
6월 30, 2022 14:32:44.27 [4356:30752:0630/143244.260:ERROR:util.cc(127)] Can't create base directory: C:\Program Files\Google\GoogleUpdater
6월 30, 2022 15:34:52.85 [4356:24008:0630/153452.846:ERROR:interface_endpoint_client.cc(665)] Message 0 rejected by interface blink.mojom.WidgetHost
6월 30, 2022 18:16:18.71 [4356:24008:0630/181618.709:ERROR:interface_endpoint_client.cc(665)] Message 1 rejected by interface blink.mojom.WidgetHost
6월 30, 2022 18:16:18.71 [4356:24008:0630/181618.712:ERROR:interface_endpoint_client.cc(665)] Message 1 rejected by interface blink.mojom.WidgetHost
7월 01, 2022 07:52:12.97 [4356:24008:0701/075212.976:ERROR:device_event_log_impl.cc(214)] [07:52:11.906] USB: usb_service_win.cc:104 SetupDiGetDeviceProperty({{A45C254E-DF1C-4EFD-8020-67D146A850E0}, 6}) failed: 요소가 없습니다. (0x490)
7월 01, 2022 07:52:13.07 [4356:24008:0701/075213.077:ERROR:device_event_log_impl.cc(214)] [07:52:12.139] USB: usb_service_win.cc:307 SetupDiEnumDeviceInterfaces: 사용 가능한 데이터가 없습니다. (0x103)
7월 01, 2022 07:52:13.28 [4356:25032:0701/075213.252:ERROR:util.cc(127)] Can't create base directory: C:\Program Files\Google\GoogleUpdater
7월 02, 2022 13:58:55.16 [31812:6768:0702/135855.162:ERROR:device_event_log_impl.cc(214)] [13:58:55.162] USB: usb_device_handle_win.cc:1048 Failed to read descriptor from node connection: 시스템에 부착된 장치가 작동하지 않습니다. (0x1F)
7월 02, 2022 13:59:50.93 [31812:30768:0702/135950.931:ERROR:util.cc(127)] Can't create base directory: C:\Program Files\Google\GoogleUpdater

7월 02, 2022 14:17:39.37 NEW SESSION
7월 02, 2022 14:17:39.38 [28172:31596:0702/141739.374:ERROR:device_event_log_impl.cc(214)] [14:17:39.374] USB: usb_device_handle_win.cc:1048 Failed to read descriptor from node connection: 시스템에 부착된 장치가 작동하지 않습니다. (0x1F)
7월 02, 2022 14:18:36.40 [28172:13348:0702/141836.402:ERROR:util.cc(127)] Can't create base directory: C:\Program Files\Google\GoogleUpdater
7월 02, 2022 16:12:51.35 [24252:24192:0702/161251.347:ERROR:device_event_log_impl.cc(214)] [16:12:51.347] USB: usb_device_handle_win.cc:1048 Failed to read descriptor from node connection: 시스템에 부착된 장치가 작동하지 않습니다. (0x1F)
7월 02, 2022 16:13:47.33 [24252:32332:0702/161347.331:ERROR:util.cc(127)] Can't create base directory: C:\Program Files\Google\GoogleUpdater
7월 02, 2022 16:48:15.64 [24252:24192:0702/164815.645:ERROR:interface_endpoint_client.cc(665)] Message 0 rejected by interface blink.mojom.WidgetHost
7월 02, 2022 22:04:55.17 [24252:16864:0702/220455.168:ERROR:util.cc(127)] Can't create base directory: C:\Program Files\Google\GoogleUpdater
7월 02, 2022 22:04:55.32 [24252:24192:0702/220455.325:ERROR:device_event_log_impl.cc(214)] [22:04:55.325] USB: usb_device_handle_win.cc:1048 Failed to read descriptor from node connection: 시스템에 부착된 장치가 작동하지 않습니다. (0x1F)
7월 03, 2022 09:26:21.35 [24252:20804:0703/092621.350:ERROR:connection_factory_impl.cc(425)] Failed to connect to MCS endpoint with error -105
7월 03, 2022 09:26:21.35 [24252:30160:0703/092621.356:ERROR:get_updates_processor.cc(260)] PostClientToServerMessage() failed during GetUpdates with error 2
7월 03, 2022 09:26:25.63 [24252:24192:0703/092625.632:ERROR:device_event_log_impl.cc(214)] [09:26:25.604] USB: usb_service_win.cc:104 SetupDiGetDeviceProperty({{A45C254E-DF1C-4EFD-8020-67D146A850E0}, 6}) failed: 요소가 없습니다. (0x490)
7월 03, 2022 09:26:26.78 [24252:20804:0703/092626.782:ERROR:connection_factory_impl.cc(425)] Failed to connect to MCS endpoint with error -105
7월 03, 2022 09:26:26.78 [24252:27468:0703/092626.786:ERROR:get_updates_processor.cc(260)] PostClientToServerMessage() failed during GetUpdates with error 2
7월 03, 2022 09:26:35.58 [24252:16864:0703/092635.584:ERROR:util.cc(127)] Can't create base directory: C:\Program Files\Google\GoogleUpdater
7월 03, 2022 09:29:29.71 [0703/092929.711:ERROR:filesystem_win.cc(130)] GetFileAttributes C:\Users\byun_\AppData\Local\Google\Chrome\User Data\Crashpad\attachments\fe8e04d0-2de5-4e67-9b70-c95a6d67af8c: 지정된 파일을 찾을 수 없습니다. (0x2)
7월 03, 2022 09:29:29.71 [0703/092929.717:ERROR:filesystem_win.cc(130)] GetFileAttributes C:\Users\byun_\AppData\Local\Google\Chrome\User Data\Crashpad\attachments\fe8e04d0-2de5-4e67-9b70-c95a6d67af8c: 지정된 파일을 찾을 수 없습니다. (0x2)
7월 03, 2022 11:01:56.64 [24252:24192:0703/110156.640:ERROR:device_event_log_impl.cc(214)] [11:01:56.651] USB: usb_service_win.cc:104 SetupDiGetDeviceProperty({{A45C254E-DF1C-4EFD-8020-67D146A850E0}, 6}) failed: 요소가 없습니다. (0x490)
7월 03, 2022 11:01:56.73 [24252:24192:0703/110156.736:ERROR:device_event_log_impl.cc(214)] [11:01:56.743] USB: usb_service_win.cc:104 SetupDiGetDeviceProperty({{A45C254E-DF1C-4EFD-8020-67D146A850E0}, 6}) failed: 요소가 없습니다. (0x490)
7월 03, 2022 11:01:56.75 [24252:24192:0703/110156.750:ERROR:device_event_log_impl.cc(214)] [11:01:56.751] USB: usb_device_handle_win.cc:1048 Failed to read descriptor from node connection: 시스템에 부착된 장치가 작동하지 않습니다. (0x1F)
7월 03, 2022 11:01:56.75 [24252:24192:0703/110156.750:ERROR:device_event_log_impl.cc(214)] [11:01:56.751] USB: usb_device_handle_win.cc:1048 Failed to read descriptor from node connection: 시스템에 부착된 장치가 작동하지 않습니다. (0x1F)
7월 03, 2022 11:42:26.60 [24252:24192:0703/114226.604:ERROR:device_event_log_impl.cc(214)] [11:42:26.544] USB: usb_service_win.cc:104 SetupDiGetDeviceProperty({{A45C254E-DF1C-4EFD-8020-67D146A850E0}, 6}) failed: 요소가 없습니다. (0x490)
7월 03, 2022 11:42:26.61 [24252:24192:0703/114226.617:ERROR:device_event_log_impl.cc(214)] [11:42:26.615] USB: usb_service_win.cc:307 SetupDiEnumDeviceInterfaces: 사용 가능한 데이터가 없습니다. (0x103)
7월 03, 2022 12:57:08.41 [24252:20804:0703/125708.413:ERROR:connection_factory_impl.cc(425)] Failed to connect to MCS endpoint with error -106
7월 03, 2022 12:57:37.19 [24252:20804:0703/125737.191:ERROR:connection_factory_impl.cc(425)] Failed to connect to MCS endpoint with error -106
7월 03, 2022 12:58:24.38 [24252:20804:0703/125824.380:ERROR:connection_factory_impl.cc(425)] Failed to connect to MCS endpoint with error -106
7월 03, 2022 13:41:31.19 [24252:24192:0703/134131.191:ERROR:interface_endpoint_client.cc(665)] Message 0 rejected by interface blink.mojom.WidgetHost
7월 03, 2022 13:46:43.69 [24252:24192:0703/134643.694:ERROR:interface_endpoint_client.cc(665)] Message 0 rejected by interface blink.mojom.WidgetHost
7월 03, 2022 14:26:21.08 [24252:17376:0703/142621.079:ERROR:util.cc(127)] Can't create base directory: C:\Program Files\Google\GoogleUpdater
7월 03, 2022 18:02:41.88 [24252:24192:0703/180241.865:ERROR:device_event_log_impl.cc(214)] [18:02:41.876] USB: usb_service_win.cc:104 SetupDiGetDeviceProperty({{A45C254E-DF1C-4EFD-8020-67D146A850E0}, 6}) failed: 요소가 없습니다. (0x490)
7월 03, 2022 18:02:41.95 [24252:24192:0703/180241.959:ERROR:device_event_log_impl.cc(214)] [18:02:41.961] USB: usb_device_handle_win.cc:1048 Failed to read descriptor from node connection: 시스템에 부착된 장치가 작동하지 않습니다. (0x1F)
7월 03, 2022 20:46:17.91 [24252:33204:0703/204617.913:ERROR:util.cc(127)] Can't create base directory: C:\Program Files\Google\GoogleUpdater

7월 09, 2022 15:21:20.07 NEW SESSION
7월 09, 2022 15:21:20.07 [18224:10156:0709/152120.075:ERROR:device_event_log_impl.cc(214)] [15:21:20.076] USB: usb_device_handle_win.cc:1048 Failed to read descriptor from node connection: 시스템에 부착된 장치가 작동하지 않습니다. (0x1F)
7월 09, 2022 15:22:17.07 [18224:34936:0709/152217.072:ERROR:util.cc(127)] Can't create base directory: C:\Program Files\Google\GoogleUpdater

7월 09, 2022 18:02:40.44 NEW SESSION
7월 09, 2022 18:02:40.44 [30512:14652:0709/180240.436:ERROR:device_event_log_impl.cc(214)] [18:02:40.436] USB: usb_device_handle_win.cc:1048 Failed to read descriptor from node connection: 시스템에 부착된 장치가 작동하지 않습니다. (0x1F)
7월 09, 2022 18:03:01.47 [30512:27360:0709/180301.477:ERROR:connection_factory_impl.cc(425)] Failed to connect to MCS endpoint with error -118
7월 09, 2022 18:03:38.25 [30512:31764:0709/180338.258:ERROR:util.cc(127)] Can't create base directory: C:\Program Files\Google\GoogleUpdater
7월 09, 2022 18:03:45.68 [30512:27360:0709/180345.684:ERROR:connection_factory_impl.cc(425)] Failed to connect to MCS endpoint with error -118
7월 09, 2022 18:04:54.91 [30512:27360:0709/180454.913:ERROR:connection_factory_impl.cc(425)] Failed to connect to MCS endpoint with error -118

7월 11, 2022 09:49:41.02 NEW SESSION
7월 11, 2022 09:49:41.02 [33940:28580:0711/094941.016:ERROR:device_event_log_impl.cc(214)] [09:49:41.016] USB: usb_device_handle_win.cc:1048 Failed to read descriptor from node connection: 시스템에 부착된 장치가 작동하지 않습니다. (0x1F)
7월 11, 2022 09:50:38.90 [33940:35568:0711/095038.900:ERROR:util.cc(127)] Can't create base directory: C:\Program Files\Google\GoogleUpdater
7월 11, 2022 09:51:16.58 [20956:12100:0711/095116.585:ERROR:device_event_log_impl.cc(214)] [09:51:16.586] USB: usb_device_handle_win.cc:1048 Failed to read descriptor from node connection: 시스템에 부착된 장치가 작동하지 않습니다. (0x1F)
7월 11, 2022 09:52:14.64 [20956:3256:0711/095214.646:ERROR:util.cc(127)] Can't create base directory: C:\Program Files\Google\GoogleUpdater
7월 11, 2022 09:52:27.12 [20956:12100:0711/095227.125:ERROR:device_event_log_impl.cc(214)] [09:52:27.125] USB: usb_service_win.cc:104 SetupDiGetDeviceProperty({{A45C254E-DF1C-4EFD-8020-67D146A850E0}, 6}) failed: 요소가 없습니다. (0x490)
7월 11, 2022 10:45:05.10 [20956:12100:0711/104505.103:ERROR:device_event_log_impl.cc(214)] [10:45:05.103] USB: usb_service_win.cc:104 SetupDiGetDeviceProperty({{A45C254E-DF1C-4EFD-8020-67D146A850E0}, 6}) failed: 요소가 없습니다. (0x490)

7월 14, 2022 20:47:14.52 NEW SESSION
7월 14, 2022 20:47:14.52 [36356:24504:0714/204714.523:ERROR:device_event_log_impl.cc(214)] [20:47:14.524] USB: usb_device_handle_win.cc:1048 Failed to read descriptor from node connection: 시스템에 부착된 장치가 작동하지 않습니다. (0x1F)
7월 14, 2022 20:48:10.06 [36356:17596:0714/204810.068:ERROR:util.cc(127)] Can't create base directory: C:\Program Files\Google\GoogleUpdater
7월 14, 2022 21:07:43.18 [36356:12360:0714/210743.185:ERROR:connection_factory_impl.cc(425)] Failed to connect to MCS endpoint with error -105
7월 14, 2022 21:07:47.50 [36356:12360:0714/210747.506:ERROR:connection_factory_impl.cc(425)] Failed to connect to MCS endpoint with error -106
7월 14, 2022 21:08:37.16 [36356:12360:0714/210837.160:ERROR:connection_factory_impl.cc(425)] Failed to connect to MCS endpoint with error -106
7월 15, 2022 09:31:41.41 [36356:12360:0715/093141.219:ERROR:connection_factory_impl.cc(425)] Failed to connect to MCS endpoint with error -105
7월 15, 2022 09:31:41.84 [36356:2332:0715/093141.640:ERROR:util.cc(127)] Can't create base directory: C:\Program Files\Google\GoogleUpdater
7월 15, 2022 09:31:48.45 [36356:24504:0715/093148.451:ERROR:device_event_log_impl.cc(214)] [09:31:48.392] USB: usb_service_win.cc:104 SetupDiGetDeviceProperty({{A45C254E-DF1C-4EFD-8020-67D146A850E0}, 6}) failed: 요소가 없습니다. (0x490)
7월 15, 2022 09:31:49.66 [36356:12360:0715/093149.661:ERROR:connection_factory_impl.cc(425)] Failed to connect to MCS endpoint with error -105

7월 15, 2022 16:48:29.24 NEW SESSION
7월 15, 2022 16:48:29.24 [3432:25220:0715/164829.238:ERROR:device_event_log_impl.cc(214)] [16:48:29.239] USB: usb_device_handle_win.cc:1048 Failed to read descriptor from node connection: 시스템에 부착된 장치가 작동하지 않습니다. (0x1F)
7월 15, 2022 16:49:25.63 [3432:12300:0715/164925.630:ERROR:util.cc(127)] Can't create base directory: C:\Program Files\Google\GoogleUpdater
7월 15, 2022 17:39:35.56 [3432:25220:0715/173935.554:ERROR:device_event_log_impl.cc(214)] [17:39:35.554] USB: usb_service_win.cc:104 SetupDiGetDeviceProperty({{A45C254E-DF1C-4EFD-8020-67D146A850E0}, 6}) failed: 요소가 없습니다. (0x490)
7월 15, 2022 18:22:49.17 [3432:23344:0715/182249.174:ERROR:connection_factory_impl.cc(425)] Failed to connect to MCS endpoint with error -106
7월 15, 2022 18:23:15.71 [3432:23344:0715/182315.718:ERROR:connection_factory_impl.cc(425)] Failed to connect to MCS endpoint with error -106
7월 15, 2022 18:23:59.89 [3432:23344:0715/182359.894:ERROR:connection_factory_impl.cc(425)] Failed to connect to MCS endpoint with error -106
7월 15, 2022 18:25:39.81 [3432:23344:0715/182539.818:ERROR:connection_factory_impl.cc(425)] Failed to connect to MCS endpoint with error -106
7월 15, 2022 22:14:36.64 [3432:25716:0715/221436.644:ERROR:util.cc(127)] Can't create base directory: C:\Program Files\Google\GoogleUpdater
7월 16, 2022 04:51:19.95 [3432:26236:0716/045119.956:ERROR:util.cc(127)] Can't create base directory: C:\Program Files\Google\GoogleUpdater
7월 16, 2022 04:51:20.37 [3432:25220:0716/045120.372:ERROR:device_event_log_impl.cc(214)] [04:51:20.373] USB: usb_device_handle_win.cc:1048 Failed to read descriptor from node connection: 시스템에 부착된 장치가 작동하지 않습니다. (0x1F)
7월 16, 2022 04:51:31.29 [3432:23344:0716/045131.293:ERROR:connection_factory_impl.cc(425)] Failed to connect to MCS endpoint with error -105
7월 16, 2022 15:01:06.39 [3432:23344:0716/150106.396:ERROR:connection_factory_impl.cc(425)] Failed to connect to MCS endpoint with error -105
7월 16, 2022 15:01:06.40 [3432:20416:0716/150106.406:ERROR:get_updates_processor.cc(260)] PostClientToServerMessage() failed during GetUpdates with error 2
7월 16, 2022 15:01:09.39 [3432:23344:0716/150109.393:ERROR:connection_factory_impl.cc(425)] Failed to connect to MCS endpoint with error -105
7월 16, 2022 15:01:15.96 [3432:25220:0716/150115.963:ERROR:device_event_log_impl.cc(214)] [15:01:15.887] USB: usb_service_win.cc:104 SetupDiGetDeviceProperty({{A45C254E-DF1C-4EFD-8020-67D146A850E0}, 6}) failed: 요소가 없습니다. (0x490)

7월 18, 2022 09:08:10.65 NEW SESSION
7월 18, 2022 09:08:10.65 [2392:25996:0718/090810.648:ERROR:device_event_log_impl.cc(214)] [09:08:10.648] USB: usb_device_handle_win.cc:1048 Failed to read descriptor from node connection: 시스템에 부착된 장치가 작동하지 않습니다. (0x1F)
7월 18, 2022 09:09:04.78 [2392:1820:0718/090904.788:ERROR:util.cc(127)] Can't create base directory: C:\Program Files\Google\GoogleUpdater
7월 18, 2022 10:00:36.98 [2392:25996:0718/100036.985:ERROR:device_event_log_impl.cc(214)] [10:00:36.985] USB: usb_service_win.cc:104 SetupDiGetDeviceProperty({{A45C254E-DF1C-4EFD-8020-67D146A850E0}, 6}) failed: 요소가 없습니다. (0x490)
7월 18, 2022 14:09:04.82 [2392:22000:0718/140904.817:ERROR:util.cc(127)] Can't create base directory: C:\Program Files\Google\GoogleUpdater
7월 18, 2022 15:01:16.51 [2392:25996:0718/150116.510:ERROR:device_event_log_impl.cc(214)] [15:01:16.510] USB: usb_service_win.cc:104 SetupDiGetDeviceProperty({{A45C254E-DF1C-4EFD-8020-67D146A850E0}, 6}) failed: 요소가 없습니다. (0x490)
7월 18, 2022 16:47:34.66 [2392:25996:0718/164734.662:ERROR:interface_endpoint_client.cc(665)] Message 5 rejected by interface blink.mojom.WidgetHost

7월 20, 2022 11:17:04.27 NEW SESSION
7월 20, 2022 11:17:04.27 [20428:27496:0720/111704.270:ERROR:device_event_log_impl.cc(214)] [11:17:04.270] USB: usb_device_handle_win.cc:1048 Failed to read descriptor from node connection: 시스템에 부착된 장치가 작동하지 않습니다. (0x1F)
7월 20, 2022 11:17:57.88 [20428:25420:0720/111757.888:ERROR:util.cc(127)] Can't create base directory: C:\Program Files\Google\GoogleUpdater

7월 27, 2022 22:11:23.90 NEW SESSION
7월 27, 2022 22:11:23.90 [17412:17064:0727/221123.905:ERROR:device_event_log_impl.cc(214)] [22:11:23.904] USB: usb_device_handle_win.cc:1048 Failed to read descriptor from node connection: 시스템에 부착된 장치가 작동하지 않습니다. (0x1F)
7월 27, 2022 22:12:21.19 [17412:20456:0727/221221.194:ERROR:util.cc(127)] Can't create base directory: C:\Program Files\Google\GoogleUpdater
7월 27, 2022 22:54:56.84 [17412:17064:0727/225456.844:ERROR:device_event_log_impl.cc(214)] [22:54:56.844] USB: usb_service_win.cc:104 SetupDiGetDeviceProperty({{A45C254E-DF1C-4EFD-8020-67D146A850E0}, 6}) failed: 요소가 없습니다. (0x490)
7월 28, 2022 05:36:14.40 [17412:17064:0728/053614.399:ERROR:device_event_log_impl.cc(214)] [05:36:14.112] USB: usb_service_win.cc:104 SetupDiGetDeviceProperty({{A45C254E-DF1C-4EFD-8020-67D146A850E0}, 6}) failed: 요소가 없습니다. (0x490)
7월 28, 2022 05:36:14.61 [17412:27192:0728/053614.614:ERROR:util.cc(127)] Can't create base directory: C:\Program Files\Google\GoogleUpdater
7월 28, 2022 05:36:14.75 [17412:17064:0728/053614.752:ERROR:device_event_log_impl.cc(214)] [05:36:14.752] USB: usb_device_handle_win.cc:1048 Failed to read descriptor from node connection: 시스템에 부착된 장치가 작동하지 않습니다. (0x1F)
7월 28, 2022 05:36:28.36 [17412:17064:0728/053628.359:ERROR:device_event_log_impl.cc(214)] [05:36:28.359] USB: usb_service_win.cc:104 SetupDiGetDeviceProperty({{A45C254E-DF1C-4EFD-8020-67D146A850E0}, 6}) failed: 요소가 없습니다. (0x490)
7월 28, 2022 09:32:40.96 [17412:17064:0728/093240.967:ERROR:device_event_log_impl.cc(214)] [09:32:40.802] USB: usb_service_win.cc:104 SetupDiGetDeviceProperty({{A45C254E-DF1C-4EFD-8020-67D146A850E0}, 6}) failed: 요소가 없습니다. (0x490)
7월 28, 2022 09:32:40.97 [17412:17064:0728/093240.967:ERROR:device_event_log_impl.cc(214)] [09:32:40.941] USB: usb_service_win.cc:307 SetupDiEnumDeviceInterfaces: 사용 가능한 데이터가 없습니다. (0x103)
7월 28, 2022 09:32:41.23 [17412:5180:0728/093241.234:ERROR:connection_factory_impl.cc(425)] Failed to connect to MCS endpoint with error -105

7월 29, 2022 18:21:21.37 NEW SESSION
7월 29, 2022 18:21:21.37 [11272:30580:0729/182121.369:ERROR:device_event_log_impl.cc(214)] [18:21:21.369] USB: usb_device_handle_win.cc:1048 Failed to read descriptor from node connection: 시스템에 부착된 장치가 작동하지 않습니다. (0x1F)
7월 29, 2022 18:22:18.34 [11272:5760:0729/182218.344:ERROR:util.cc(127)] Can't create base directory: C:\Program Files\Google\GoogleUpdater
7월 30, 2022 05:14:07.29 [11272:30580:0730/051407.290:ERROR:device_event_log_impl.cc(214)] [05:14:07.043] USB: usb_service_win.cc:104 SetupDiGetDeviceProperty({{A45C254E-DF1C-4EFD-8020-67D146A850E0}, 6}) failed: 요소가 없습니다. (0x490)
7월 30, 2022 05:14:07.60 [11272:5760:0730/051407.608:ERROR:util.cc(127)] Can't create base directory: C:\Program Files\Google\GoogleUpdater
7월 30, 2022 14:12:04.28 [11272:5760:0730/141204.284:ERROR:util.cc(127)] Can't create base directory: C:\Program Files\Google\GoogleUpdater
7월 30, 2022 15:45:29.72 [11272:30580:0730/154529.724:ERROR:device_event_log_impl.cc(214)] [15:45:29.592] USB: usb_service_win.cc:104 SetupDiGetDeviceProperty({{A45C254E-DF1C-4EFD-8020-67D146A850E0}, 6}) failed: 요소가 없습니다. (0x490)
7월 30, 2022 15:45:30.29 [11272:30580:0730/154530.296:ERROR:device_event_log_impl.cc(214)] [15:45:30.296] USB: usb_service_win.cc:307 SetupDiEnumDeviceInterfaces: 사용 가능한 데이터가 없습니다. (0x103)
7월 30, 2022 15:45:30.45 [11272:30580:0730/154530.451:ERROR:device_event_log_impl.cc(214)] [15:45:30.450] USB: usb_service_win.cc:104 SetupDiGetDeviceProperty({{A45C254E-DF1C-4EFD-8020-67D146A850E0}, 6}) failed: 요소가 없습니다. (0x490)
7월 30, 2022 15:45:42.20 [11272:30580:0730/154542.208:ERROR:device_event_log_impl.cc(214)] [15:45:42.208] USB: usb_service_win.cc:104 SetupDiGetDeviceProperty({{A45C254E-DF1C-4EFD-8020-67D146A850E0}, 6}) failed: 요소가 없습니다. (0x490)
7월 30, 2022 19:11:09.11 [11272:11492:0730/191109.099:ERROR:util.cc(127)] Can't create base directory: C:\Program Files\Google\GoogleUpdater
7월 31, 2022 24:11:09.13 [11272:17336:0731/001109.109:ERROR:util.cc(127)] Can't create base directory: C:\Program Files\Google\GoogleUpdater
7월 31, 2022 05:11:07.66 [11272:23032:0731/051107.665:ERROR:util.cc(127)] Can't create base directory: C:\Program Files\Google\GoogleUpdater
7월 31, 2022 10:11:07.67 [11272:23032:0731/101107.662:ERROR:util.cc(127)] Can't create base directory: C:\Program Files\Google\GoogleUpdater
7월 31, 2022 10:52:51.20 [11272:26140:0731/105251.198:ERROR:connection_factory_impl.cc(425)] Failed to connect to MCS endpoint with error -118
7월 31, 2022 10:56:37.99 [11272:30580:0731/105637.996:ERROR:device_event_log_impl.cc(214)] [10:56:37.996] USB: usb_service_win.cc:104 SetupDiGetDeviceProperty({{A45C254E-DF1C-4EFD-8020-67D146A850E0}, 6}) failed: 요소가 없습니다. (0x490)
7월 31, 2022 11:42:21.49 [11272:30580:0731/114221.482:ERROR:interface_endpoint_client.cc(665)] Message 0 rejected by interface blink.mojom.WidgetHost
7월 31, 2022 11:45:20.45 [11272:26140:0731/114520.452:ERROR:connection_factory_impl.cc(425)] Failed to connect to MCS endpoint with error -106
7월 31, 2022 11:46:39.84 [11272:30580:0731/114639.847:ERROR:interface_endpoint_client.cc(665)] Message 0 rejected by interface blink.mojom.WidgetHost
7월 31, 2022 11:46:39.85 [11272:30580:0731/114639.853:ERROR:interface_endpoint_client.cc(665)] Message 0 rejected by interface blink.mojom.WidgetHost
7월 31, 2022 12:43:58.33 [11272:30580:0731/124358.324:ERROR:interface_endpoint_client.cc(665)] Message 0 rejected by interface blink.mojom.WidgetHost
7월 31, 2022 14:37:30.49 [11272:26140:0731/143730.483:ERROR:connection_factory_impl.cc(425)] Failed to connect to MCS endpoint with error -118
7월 31, 2022 15:23:12.62 [11272:33648:0731/152312.626:ERROR:util.cc(127)] Can't create base directory: C:\Program Files\Google\GoogleUpdater
7월 31, 2022 15:23:13.67 [11272:26140:0731/152313.677:ERROR:connection_factory_impl.cc(425)] Failed to connect to MCS endpoint with error -105
